2020-06-23 07:43:34,331|azureml|DEBUG|Inputs:: kwargs: {'OutputCollection': True, 'snapshotProject': True, 'only_in_process_features': True, 'skip_track_logs_dir': True}, track_folders: None, deny_list: None, directories_to_watch: []
2020-06-23 07:43:34,332|azureml.history._tracking.PythonWorkingDirectory|DEBUG|Execution target type: batchai
2020-06-23 07:43:34,340|azureml.history._tracking.PythonWorkingDirectory|DEBUG|Failed to import pyspark with error: No module named 'pyspark'
2020-06-23 07:43:34,340|azureml.history._tracking.PythonWorkingDirectory.workingdir|DEBUG|Pinning working directory for filesystems: ['pyfs']
2020-06-23 07:43:34,646|azureml.core.run|DEBUG|Adding new factory <function ScriptRun._from_run_dto at 0x7f59d2ac32f0> for run source azureml.scriptrun
2020-06-23 07:43:34,648|azureml.core.authentication.TokenRefresherDaemon|DEBUG|Starting daemon and triggering first instance
2020-06-23 07:43:34,655|msrest.universal_http.requests|DEBUG|Configuring retry: max_retries=3, backoff_factor=0.8, max_backoff=90
2020-06-23 07:43:34,656|azureml._restclient.clientbase|INFO|Created a worker pool for first use
2020-06-23 07:43:34,656|azureml.core.authentication|DEBUG|Time to expire 1814084.343763 seconds
2020-06-23 07:43:34,656|azureml._base_sdk_common.service_discovery|DEBUG|Found history service url in environment variable AZUREML_SERVICE_ENDPOINT, history service url: https://westeurope.experiments.azureml.net.
2020-06-23 07:43:34,657|azureml._base_sdk_common.service_discovery|DEBUG|Found history service url in environment variable AZUREML_SERVICE_ENDPOINT, history service url: https://westeurope.experiments.azureml.net.
2020-06-23 07:43:34,657|azureml._base_sdk_common.service_discovery|DEBUG|Found history service url in environment variable AZUREML_SERVICE_ENDPOINT, history service url: https://westeurope.experiments.azureml.net.
2020-06-23 07:43:34,657|azureml._base_sdk_common.service_discovery|DEBUG|Found history service url in environment variable AZUREML_SERVICE_ENDPOINT, history service url: https://westeurope.experiments.azureml.net.
2020-06-23 07:43:34,705|azureml._base_sdk_common.service_discovery|DEBUG|Found history service url in environment variable AZUREML_SERVICE_ENDPOINT, history service url: https://westeurope.experiments.azureml.net.
2020-06-23 07:43:34,706|azureml._base_sdk_common.service_discovery|DEBUG|Found history service url in environment variable AZUREML_SERVICE_ENDPOINT, history service url: https://westeurope.experiments.azureml.net.
2020-06-23 07:43:34,706|azureml._base_sdk_common.service_discovery|DEBUG|Found history service url in environment variable AZUREML_SERVICE_ENDPOINT, history service url: https://westeurope.experiments.azureml.net.
2020-06-23 07:43:34,713|msrest.universal_http.requests|DEBUG|Configuring retry: max_retries=3, backoff_factor=0.8, max_backoff=90
2020-06-23 07:43:34,722|msrest.universal_http.requests|DEBUG|Configuring retry: max_retries=3, backoff_factor=0.8, max_backoff=90
2020-06-23 07:43:34,728|msrest.universal_http.requests|DEBUG|Configuring retry: max_retries=3, backoff_factor=0.8, max_backoff=90
2020-06-23 07:43:34,734|msrest.universal_http.requests|DEBUG|Configuring retry: max_retries=3, backoff_factor=0.8, max_backoff=90
2020-06-23 07:43:34,740|msrest.universal_http.requests|DEBUG|Configuring retry: max_retries=3, backoff_factor=0.8, max_backoff=90
2020-06-23 07:43:34,741|azureml._SubmittedRun#KerasPrediction_1592897898_3bac7dce.RunHistoryFacade.RunClient.get-async:False|DEBUG|[START]
2020-06-23 07:43:34,741|msrest.service_client|DEBUG|Accept header absent and forced to application/json
2020-06-23 07:43:34,741|msrest.http_logger|DEBUG|Request URL: 'https://westeurope.experiments.azureml.net/history/v1.0/subscriptions/793146d9-d4dc-4a73-9728-76c4ffd0cc0d/resourceGroups/rg_dynamics_test/providers/Microsoft.MachineLearningServices/workspaces/resdynml1test/experiments/KerasPrediction/runs/KerasPrediction_1592897898_3bac7dce'
2020-06-23 07:43:34,742|msrest.http_logger|DEBUG|Request method: 'GET'
2020-06-23 07:43:34,742|msrest.http_logger|DEBUG|Request headers:
2020-06-23 07:43:34,742|msrest.http_logger|DEBUG|    'Accept': 'application/json'
2020-06-23 07:43:34,742|msrest.http_logger|DEBUG|    'Content-Type': 'application/json; charset=utf-8'
2020-06-23 07:43:34,742|msrest.http_logger|DEBUG|    'x-ms-client-request-id': 'fe07096f-8e60-4af8-9861-29801d3c0d3b'
2020-06-23 07:43:34,742|msrest.http_logger|DEBUG|    'request-id': 'fe07096f-8e60-4af8-9861-29801d3c0d3b'
2020-06-23 07:43:34,742|msrest.http_logger|DEBUG|    'User-Agent': 'python/3.6.2 (Linux-4.15.0-1067-azure-x86_64-with-debian-stretch-sid) msrest/0.6.16 azureml._restclient/core.1.7.0 azureml-sdk-core/1.7.0'
2020-06-23 07:43:34,743|msrest.http_logger|DEBUG|Request body:
2020-06-23 07:43:34,743|msrest.http_logger|DEBUG|None
2020-06-23 07:43:34,743|msrest.universal_http|DEBUG|Configuring redirects: allow=True, max=30
2020-06-23 07:43:34,743|msrest.universal_http|DEBUG|Configuring request: timeout=100, verify=True, cert=None
2020-06-23 07:43:34,743|msrest.universal_http|DEBUG|Configuring proxies: ''
2020-06-23 07:43:34,743|msrest.universal_http|DEBUG|Evaluate proxies against ENV settings: True
2020-06-23 07:43:34,842|msrest.http_logger|DEBUG|Response status: 200
2020-06-23 07:43:34,842|msrest.http_logger|DEBUG|Response headers:
2020-06-23 07:43:34,842|msrest.http_logger|DEBUG|    'Date': 'Tue, 23 Jun 2020 07:43:34 GMT'
2020-06-23 07:43:34,843|msrest.http_logger|DEBUG|    'Content-Type': 'application/json; charset=utf-8'
2020-06-23 07:43:34,843|msrest.http_logger|DEBUG|    'Transfer-Encoding': 'chunked'
2020-06-23 07:43:34,843|msrest.http_logger|DEBUG|    'Connection': 'keep-alive'
2020-06-23 07:43:34,843|msrest.http_logger|DEBUG|    'Vary': 'Accept-Encoding'
2020-06-23 07:43:34,843|msrest.http_logger|DEBUG|    'Request-Context': 'appId=cid-v1:6a27ce65-5555-41a3-85f7-b7a1ce31fd6b'
2020-06-23 07:43:34,843|msrest.http_logger|DEBUG|    'x-ms-response-type': 'standard'
2020-06-23 07:43:34,843|msrest.http_logger|DEBUG|    'x-ms-client-request-id': 'fe07096f-8e60-4af8-9861-29801d3c0d3b'
2020-06-23 07:43:34,843|msrest.http_logger|DEBUG|    'x-ms-client-session-id': ''
2020-06-23 07:43:34,843|msrest.http_logger|DEBUG|    'Strict-Transport-Security': 'max-age=15724800; includeSubDomains; preload'
2020-06-23 07:43:34,843|msrest.http_logger|DEBUG|    'x-request-time': '0.064'
2020-06-23 07:43:34,844|msrest.http_logger|DEBUG|    'X-Content-Type-Options': 'nosniff'
2020-06-23 07:43:34,844|msrest.http_logger|DEBUG|    'Content-Encoding': 'gzip'
2020-06-23 07:43:34,844|msrest.http_logger|DEBUG|Response content:
2020-06-23 07:43:34,844|msrest.http_logger|DEBUG|{
  "runNumber": 29,
  "rootRunId": "KerasPrediction_1592897898_3bac7dce",
  "experimentId": "9379c296-f77e-4d69-b606-e7aaa3f78a3c",
  "createdUtc": "2020-06-23T07:38:19.7275956+00:00",
  "createdBy": {
    "userObjectId": "12880502-d2bb-4011-bfcf-6f1de0c2ce92",
    "userPuId": "10032000C4F4743E",
    "userIdp": "https://sts.windows.net/b0102dfd-785a-4ad1-ac89-23942e445d96/",
    "userAltSecId": "5::10037FFEA6FC44A1",
    "userIss": "https://sts.windows.net/39288a38-ff19-432c-8011-1cd9d0dff445/",
    "userTenantId": "39288a38-ff19-432c-8011-1cd9d0dff445",
    "userName": "Philipp Klein"
  },
  "userId": "12880502-d2bb-4011-bfcf-6f1de0c2ce92",
  "token": null,
  "tokenExpiryTimeUtc": null,
  "error": null,
  "warnings": null,
  "revision": 9,
  "runUuid": "68fd0252-ca4f-4946-9532-b47bc28d18ff",
  "parentRunUuid": null,
  "rootRunUuid": "68fd0252-ca4f-4946-9532-b47bc28d18ff",
  "runId": "KerasPrediction_1592897898_3bac7dce",
  "parentRunId": null,
  "status": "Running",
  "startTimeUtc": "2020-06-23T07:42:23.307771+00:00",
  "endTimeUtc": null,
  "heartbeatEnabled": false,
  "options": {
    "generateDataContainerIdIfNotSpecified": true
  },
  "name": null,
  "dataContainerId": "dcid.KerasPrediction_1592897898_3bac7dce",
  "description": null,
  "hidden": false,
  "runType": "azureml.scriptrun",
  "properties": {
    "_azureml.ComputeTargetType": "amlcompute",
    "ContentSnapshotId": "1696bdc8-5441-46d9-90d7-2f0ae000e305",
    "ProcessInfoFile": "azureml-logs/process_info.json",
    "ProcessStatusFile": "azureml-logs/process_status.json"
  },
  "scriptName": "preprocess.py",
  "target": "mlcompute",
  "uniqueChildRunComputeTargets": [],
  "tags": {
    "_aml_system_ComputeTargetStatus": "{\"AllocationState\":\"steady\",\"PreparingNodeCount\":0,\"RunningNodeCount\":0,\"CurrentNodeCount\":0}"
  },
  "inputDatasets": [
    {
      "identifier": {
        "savedId": "9d38370a-0d3f-49f0-a325-7afc729c35a4",
        "registeredId": null,
        "registeredVersion": null
      },
      "consumptionType": "RunInput",
      "inputDetails": {
        "inputName": "df_prepared",
        "mechanism": "Direct",
        "pathOnCompute": null
      }
    }
  ],
  "outputDatasets": [],
  "runDefinition": null,
  "createdFrom": {
    "type": "Notebook",
    "locationType": "ArtifactId",
    "location": "LocalUpload/KerasPrediction_1592897898_3bac7dce/02_Keras_Preprocess.ipynb"
  },
  "cancelUri": "https://westeurope.experiments.azureml.net/execution/v1.0/subscriptions/793146d9-d4dc-4a73-9728-76c4ffd0cc0d/resourceGroups/rg_dynamics_test/providers/Microsoft.MachineLearningServices/workspaces/resdynml1test/experiments/KerasPrediction/runId/KerasPrediction_1592897898_3bac7dce/cancel",
  "completeUri": null,
  "diagnosticsUri": "https://westeurope.experiments.azureml.net/execution/v1.0/subscriptions/793146d9-d4dc-4a73-9728-76c4ffd0cc0d/resourceGroups/rg_dynamics_test/providers/Microsoft.MachineLearningServices/workspaces/resdynml1test/experiments/KerasPrediction/runId/KerasPrediction_1592897898_3bac7dce/diagnostics",
  "computeRequest": {
    "nodeCount": 1
  },
  "retainForLifetimeOfWorkspace": false,
  "queueingInfo": null
}
2020-06-23 07:43:34,853|azureml._SubmittedRun#KerasPrediction_1592897898_3bac7dce.RunHistoryFacade.RunClient.get-async:False|DEBUG|[STOP]
2020-06-23 07:43:34,853|azureml._SubmittedRun#KerasPrediction_1592897898_3bac7dce|DEBUG|Constructing run from dto. type: azureml.scriptrun, source: None, props: {'_azureml.ComputeTargetType': 'amlcompute', 'ContentSnapshotId': '1696bdc8-5441-46d9-90d7-2f0ae000e305', 'ProcessInfoFile': 'azureml-logs/process_info.json', 'ProcessStatusFile': 'azureml-logs/process_status.json'}
2020-06-23 07:43:34,869|azureml._SubmittedRun#KerasPrediction_1592897898_3bac7dce.RunContextManager|DEBUG|Valid logs dir, setting up content loader
2020-06-23 07:43:34,870|azureml|WARNING|Could not import azureml.mlflow or azureml.contrib.mlflow mlflow APIs will not run against AzureML services.  Add azureml-mlflow as a conda dependency for the run if this behavior is desired
2020-06-23 07:43:34,870|azureml.WorkerPool|DEBUG|[START]
2020-06-23 07:43:34,870|azureml.SendRunKillSignal|DEBUG|[START]
2020-06-23 07:43:34,870|azureml.RunStatusContext|DEBUG|[START]
2020-06-23 07:43:34,870|azureml._SubmittedRun#KerasPrediction_1592897898_3bac7dce.RunContextManager.RunStatusContext|DEBUG|[START]
2020-06-23 07:43:34,870|azureml.WorkingDirectoryCM|DEBUG|[START]
2020-06-23 07:43:34,870|azureml.history._tracking.PythonWorkingDirectory.workingdir|DEBUG|[START]
2020-06-23 07:43:34,870|azureml.history._tracking.PythonWorkingDirectory|INFO|Current working dir: /mnt/batch/tasks/shared/LS_root/jobs/resdynml1test/azureml/kerasprediction_1592897898_3bac7dce/mounts/workspaceblobstore/azureml/KerasPrediction_1592897898_3bac7dce
2020-06-23 07:43:34,870|azureml.history._tracking.PythonWorkingDirectory.workingdir|DEBUG|Calling pyfs
2020-06-23 07:43:34,871|azureml.history._tracking.PythonWorkingDirectory.workingdir|DEBUG|Storing working dir for pyfs as /mnt/batch/tasks/shared/LS_root/jobs/resdynml1test/azureml/kerasprediction_1592897898_3bac7dce/mounts/workspaceblobstore/azureml/KerasPrediction_1592897898_3bac7dce
2020-06-23 07:43:35,638|azureml._base_sdk_common.service_discovery|DEBUG|Found history service url in environment variable AZUREML_SERVICE_ENDPOINT, history service url: https://westeurope.experiments.azureml.net.
2020-06-23 07:43:35,638|azureml._base_sdk_common.service_discovery|DEBUG|Found history service url in environment variable AZUREML_SERVICE_ENDPOINT, history service url: https://westeurope.experiments.azureml.net.
2020-06-23 07:43:35,638|azureml._base_sdk_common.service_discovery|DEBUG|Found history service url in environment variable AZUREML_SERVICE_ENDPOINT, history service url: https://westeurope.experiments.azureml.net.
2020-06-23 07:43:35,638|azureml._base_sdk_common.service_discovery|DEBUG|Found history service url in environment variable AZUREML_SERVICE_ENDPOINT, history service url: https://westeurope.experiments.azureml.net.
2020-06-23 07:43:35,639|azureml._base_sdk_common.service_discovery|DEBUG|Found history service url in environment variable AZUREML_SERVICE_ENDPOINT, history service url: https://westeurope.experiments.azureml.net.
2020-06-23 07:43:35,639|azureml._base_sdk_common.service_discovery|DEBUG|Found history service url in environment variable AZUREML_SERVICE_ENDPOINT, history service url: https://westeurope.experiments.azureml.net.
2020-06-23 07:43:35,639|azureml._base_sdk_common.service_discovery|DEBUG|Found history service url in environment variable AZUREML_SERVICE_ENDPOINT, history service url: https://westeurope.experiments.azureml.net.
2020-06-23 07:43:35,645|msrest.universal_http.requests|DEBUG|Configuring retry: max_retries=3, backoff_factor=0.8, max_backoff=90
2020-06-23 07:43:35,646|azureml._run_impl.run_history_facade|DEBUG|Created a static thread pool for RunHistoryFacade class
2020-06-23 07:43:35,652|msrest.universal_http.requests|DEBUG|Configuring retry: max_retries=3, backoff_factor=0.8, max_backoff=90
2020-06-23 07:43:35,657|msrest.universal_http.requests|DEBUG|Configuring retry: max_retries=3, backoff_factor=0.8, max_backoff=90
2020-06-23 07:43:35,663|msrest.universal_http.requests|DEBUG|Configuring retry: max_retries=3, backoff_factor=0.8, max_backoff=90
2020-06-23 07:43:35,669|msrest.universal_http.requests|DEBUG|Configuring retry: max_retries=3, backoff_factor=0.8, max_backoff=90
2020-06-23 07:43:35,669|azureml._SubmittedRun#KerasPrediction_1592897898_3bac7dce.RunHistoryFacade.RunClient.get-async:False|DEBUG|[START]
2020-06-23 07:43:35,670|msrest.service_client|DEBUG|Accept header absent and forced to application/json
2020-06-23 07:43:35,670|msrest.http_logger|DEBUG|Request URL: 'https://westeurope.experiments.azureml.net/history/v1.0/subscriptions/793146d9-d4dc-4a73-9728-76c4ffd0cc0d/resourceGroups/rg_dynamics_test/providers/Microsoft.MachineLearningServices/workspaces/resdynml1test/experiments/KerasPrediction/runs/KerasPrediction_1592897898_3bac7dce'
2020-06-23 07:43:35,670|msrest.http_logger|DEBUG|Request method: 'GET'
2020-06-23 07:43:35,670|msrest.http_logger|DEBUG|Request headers:
2020-06-23 07:43:35,670|msrest.http_logger|DEBUG|    'Accept': 'application/json'
2020-06-23 07:43:35,670|msrest.http_logger|DEBUG|    'Content-Type': 'application/json; charset=utf-8'
2020-06-23 07:43:35,671|msrest.http_logger|DEBUG|    'x-ms-client-request-id': '9b85bb3a-2ecd-4735-ac15-5dedb517968f'
2020-06-23 07:43:35,671|msrest.http_logger|DEBUG|    'request-id': '9b85bb3a-2ecd-4735-ac15-5dedb517968f'
2020-06-23 07:43:35,671|msrest.http_logger|DEBUG|    'User-Agent': 'python/3.6.2 (Linux-4.15.0-1067-azure-x86_64-with-debian-stretch-sid) msrest/0.6.16 azureml._restclient/core.1.7.0 azureml-sdk-core/1.7.0'
2020-06-23 07:43:35,671|msrest.http_logger|DEBUG|Request body:
2020-06-23 07:43:35,671|msrest.http_logger|DEBUG|None
2020-06-23 07:43:35,671|msrest.universal_http|DEBUG|Configuring redirects: allow=True, max=30
2020-06-23 07:43:35,671|msrest.universal_http|DEBUG|Configuring request: timeout=100, verify=True, cert=None
2020-06-23 07:43:35,671|msrest.universal_http|DEBUG|Configuring proxies: ''
2020-06-23 07:43:35,671|msrest.universal_http|DEBUG|Evaluate proxies against ENV settings: True
2020-06-23 07:43:35,791|msrest.http_logger|DEBUG|Response status: 200
2020-06-23 07:43:35,791|msrest.http_logger|DEBUG|Response headers:
2020-06-23 07:43:35,791|msrest.http_logger|DEBUG|    'Date': 'Tue, 23 Jun 2020 07:43:35 GMT'
2020-06-23 07:43:35,791|msrest.http_logger|DEBUG|    'Content-Type': 'application/json; charset=utf-8'
2020-06-23 07:43:35,792|msrest.http_logger|DEBUG|    'Transfer-Encoding': 'chunked'
2020-06-23 07:43:35,792|msrest.http_logger|DEBUG|    'Connection': 'keep-alive'
2020-06-23 07:43:35,792|msrest.http_logger|DEBUG|    'Vary': 'Accept-Encoding'
2020-06-23 07:43:35,792|msrest.http_logger|DEBUG|    'Request-Context': 'appId=cid-v1:6a27ce65-5555-41a3-85f7-b7a1ce31fd6b'
2020-06-23 07:43:35,792|msrest.http_logger|DEBUG|    'x-ms-response-type': 'standard'
2020-06-23 07:43:35,792|msrest.http_logger|DEBUG|    'x-ms-client-request-id': '9b85bb3a-2ecd-4735-ac15-5dedb517968f'
2020-06-23 07:43:35,792|msrest.http_logger|DEBUG|    'x-ms-client-session-id': ''
2020-06-23 07:43:35,792|msrest.http_logger|DEBUG|    'Strict-Transport-Security': 'max-age=15724800; includeSubDomains; preload'
2020-06-23 07:43:35,792|msrest.http_logger|DEBUG|    'x-request-time': '0.093'
2020-06-23 07:43:35,793|msrest.http_logger|DEBUG|    'X-Content-Type-Options': 'nosniff'
2020-06-23 07:43:35,793|msrest.http_logger|DEBUG|    'Content-Encoding': 'gzip'
2020-06-23 07:43:35,793|msrest.http_logger|DEBUG|Response content:
2020-06-23 07:43:35,793|msrest.http_logger|DEBUG|{
  "runNumber": 29,
  "rootRunId": "KerasPrediction_1592897898_3bac7dce",
  "experimentId": "9379c296-f77e-4d69-b606-e7aaa3f78a3c",
  "createdUtc": "2020-06-23T07:38:19.7275956+00:00",
  "createdBy": {
    "userObjectId": "12880502-d2bb-4011-bfcf-6f1de0c2ce92",
    "userPuId": "10032000C4F4743E",
    "userIdp": "https://sts.windows.net/b0102dfd-785a-4ad1-ac89-23942e445d96/",
    "userAltSecId": "5::10037FFEA6FC44A1",
    "userIss": "https://sts.windows.net/39288a38-ff19-432c-8011-1cd9d0dff445/",
    "userTenantId": "39288a38-ff19-432c-8011-1cd9d0dff445",
    "userName": "Philipp Klein"
  },
  "userId": "12880502-d2bb-4011-bfcf-6f1de0c2ce92",
  "token": null,
  "tokenExpiryTimeUtc": null,
  "error": null,
  "warnings": null,
  "revision": 9,
  "runUuid": "68fd0252-ca4f-4946-9532-b47bc28d18ff",
  "parentRunUuid": null,
  "rootRunUuid": "68fd0252-ca4f-4946-9532-b47bc28d18ff",
  "runId": "KerasPrediction_1592897898_3bac7dce",
  "parentRunId": null,
  "status": "Running",
  "startTimeUtc": "2020-06-23T07:42:23.307771+00:00",
  "endTimeUtc": null,
  "heartbeatEnabled": false,
  "options": {
    "generateDataContainerIdIfNotSpecified": true
  },
  "name": null,
  "dataContainerId": "dcid.KerasPrediction_1592897898_3bac7dce",
  "description": null,
  "hidden": false,
  "runType": "azureml.scriptrun",
  "properties": {
    "_azureml.ComputeTargetType": "amlcompute",
    "ContentSnapshotId": "1696bdc8-5441-46d9-90d7-2f0ae000e305",
    "ProcessInfoFile": "azureml-logs/process_info.json",
    "ProcessStatusFile": "azureml-logs/process_status.json"
  },
  "scriptName": "preprocess.py",
  "target": "mlcompute",
  "uniqueChildRunComputeTargets": [],
  "tags": {
    "_aml_system_ComputeTargetStatus": "{\"AllocationState\":\"steady\",\"PreparingNodeCount\":0,\"RunningNodeCount\":0,\"CurrentNodeCount\":0}"
  },
  "inputDatasets": [
    {
      "identifier": {
        "savedId": "9d38370a-0d3f-49f0-a325-7afc729c35a4",
        "registeredId": null,
        "registeredVersion": null
      },
      "consumptionType": "RunInput",
      "inputDetails": {
        "inputName": "df_prepared",
        "mechanism": "Direct",
        "pathOnCompute": null
      }
    }
  ],
  "outputDatasets": [],
  "runDefinition": null,
  "createdFrom": {
    "type": "Notebook",
    "locationType": "ArtifactId",
    "location": "LocalUpload/KerasPrediction_1592897898_3bac7dce/02_Keras_Preprocess.ipynb"
  },
  "cancelUri": "https://westeurope.experiments.azureml.net/execution/v1.0/subscriptions/793146d9-d4dc-4a73-9728-76c4ffd0cc0d/resourceGroups/rg_dynamics_test/providers/Microsoft.MachineLearningServices/workspaces/resdynml1test/experiments/KerasPrediction/runId/KerasPrediction_1592897898_3bac7dce/cancel",
  "completeUri": null,
  "diagnosticsUri": "https://westeurope.experiments.azureml.net/execution/v1.0/subscriptions/793146d9-d4dc-4a73-9728-76c4ffd0cc0d/resourceGroups/rg_dynamics_test/providers/Microsoft.MachineLearningServices/workspaces/resdynml1test/experiments/KerasPrediction/runId/KerasPrediction_1592897898_3bac7dce/diagnostics",
  "computeRequest": {
    "nodeCount": 1
  },
  "retainForLifetimeOfWorkspace": false,
  "queueingInfo": null
}
2020-06-23 07:43:35,795|azureml._SubmittedRun#KerasPrediction_1592897898_3bac7dce.RunHistoryFacade.RunClient.get-async:False|DEBUG|[STOP]
2020-06-23 07:43:35,796|azureml._SubmittedRun#KerasPrediction_1592897898_3bac7dce|DEBUG|Constructing run from dto. type: azureml.scriptrun, source: None, props: {'_azureml.ComputeTargetType': 'amlcompute', 'ContentSnapshotId': '1696bdc8-5441-46d9-90d7-2f0ae000e305', 'ProcessInfoFile': 'azureml-logs/process_info.json', 'ProcessStatusFile': 'azureml-logs/process_status.json'}
2020-06-23 07:43:35,796|azureml._SubmittedRun#KerasPrediction_1592897898_3bac7dce.RunContextManager|DEBUG|Valid logs dir, setting up content loader
2020-06-23 07:43:35,803|msrest.universal_http.requests|DEBUG|Configuring retry: max_retries=3, backoff_factor=0.8, max_backoff=90
2020-06-23 07:43:35,803|msrest.service_client|DEBUG|Accept header absent and forced to application/json
2020-06-23 07:43:35,804|msrest.universal_http|DEBUG|Configuring redirects: allow=True, max=30
2020-06-23 07:43:35,804|msrest.universal_http|DEBUG|Configuring request: timeout=100, verify=True, cert=None
2020-06-23 07:43:35,804|msrest.universal_http|DEBUG|Configuring proxies: ''
2020-06-23 07:43:35,804|msrest.universal_http|DEBUG|Evaluate proxies against ENV settings: True
2020-06-23 07:43:48,239|azureml._base_sdk_common.service_discovery|DEBUG|Found history service url in environment variable AZUREML_SERVICE_ENDPOINT, history service url: https://westeurope.experiments.azureml.net.
2020-06-23 07:43:48,240|azureml._base_sdk_common.service_discovery|DEBUG|Found history service url in environment variable AZUREML_SERVICE_ENDPOINT, history service url: https://westeurope.experiments.azureml.net.
2020-06-23 07:43:48,240|azureml._base_sdk_common.service_discovery|DEBUG|Found history service url in environment variable AZUREML_SERVICE_ENDPOINT, history service url: https://westeurope.experiments.azureml.net.
2020-06-23 07:43:48,240|azureml._base_sdk_common.service_discovery|DEBUG|Found history service url in environment variable AZUREML_SERVICE_ENDPOINT, history service url: https://westeurope.experiments.azureml.net.
2020-06-23 07:43:48,240|azureml._base_sdk_common.service_discovery|DEBUG|Found history service url in environment variable AZUREML_SERVICE_ENDPOINT, history service url: https://westeurope.experiments.azureml.net.
2020-06-23 07:43:48,240|azureml._base_sdk_common.service_discovery|DEBUG|Found history service url in environment variable AZUREML_SERVICE_ENDPOINT, history service url: https://westeurope.experiments.azureml.net.
2020-06-23 07:43:48,241|azureml._base_sdk_common.service_discovery|DEBUG|Found history service url in environment variable AZUREML_SERVICE_ENDPOINT, history service url: https://westeurope.experiments.azureml.net.
2020-06-23 07:43:48,247|msrest.universal_http.requests|DEBUG|Configuring retry: max_retries=3, backoff_factor=0.8, max_backoff=90
2020-06-23 07:43:48,386|azureml._base_sdk_common.service_discovery|DEBUG|Found history service url in environment variable AZUREML_SERVICE_ENDPOINT, history service url: https://westeurope.experiments.azureml.net.
2020-06-23 07:43:48,386|azureml._base_sdk_common.service_discovery|DEBUG|Found history service url in environment variable AZUREML_SERVICE_ENDPOINT, history service url: https://westeurope.experiments.azureml.net.
2020-06-23 07:43:48,386|azureml._base_sdk_common.service_discovery|DEBUG|Found history service url in environment variable AZUREML_SERVICE_ENDPOINT, history service url: https://westeurope.experiments.azureml.net.
2020-06-23 07:43:48,386|azureml._base_sdk_common.service_discovery|DEBUG|Found history service url in environment variable AZUREML_SERVICE_ENDPOINT, history service url: https://westeurope.experiments.azureml.net.
2020-06-23 07:43:48,387|azureml._base_sdk_common.service_discovery|DEBUG|Found history service url in environment variable AZUREML_SERVICE_ENDPOINT, history service url: https://westeurope.experiments.azureml.net.
2020-06-23 07:43:48,387|azureml._base_sdk_common.service_discovery|DEBUG|Found history service url in environment variable AZUREML_SERVICE_ENDPOINT, history service url: https://westeurope.experiments.azureml.net.
2020-06-23 07:43:48,387|azureml._base_sdk_common.service_discovery|DEBUG|Found history service url in environment variable AZUREML_SERVICE_ENDPOINT, history service url: https://westeurope.experiments.azureml.net.
2020-06-23 07:43:48,393|msrest.universal_http.requests|DEBUG|Configuring retry: max_retries=3, backoff_factor=0.8, max_backoff=90
2020-06-23 07:43:48,818|azureml._base_sdk_common.service_discovery|DEBUG|Found history service url in environment variable AZUREML_SERVICE_ENDPOINT, history service url: https://westeurope.experiments.azureml.net.
2020-06-23 07:43:48,818|azureml._base_sdk_common.service_discovery|DEBUG|Found history service url in environment variable AZUREML_SERVICE_ENDPOINT, history service url: https://westeurope.experiments.azureml.net.
2020-06-23 07:43:48,818|azureml._base_sdk_common.service_discovery|DEBUG|Found history service url in environment variable AZUREML_SERVICE_ENDPOINT, history service url: https://westeurope.experiments.azureml.net.
2020-06-23 07:43:48,819|azureml._base_sdk_common.service_discovery|DEBUG|Found history service url in environment variable AZUREML_SERVICE_ENDPOINT, history service url: https://westeurope.experiments.azureml.net.
2020-06-23 07:43:48,819|azureml._base_sdk_common.service_discovery|DEBUG|Found history service url in environment variable AZUREML_SERVICE_ENDPOINT, history service url: https://westeurope.experiments.azureml.net.
2020-06-23 07:43:48,819|azureml._base_sdk_common.service_discovery|DEBUG|Found history service url in environment variable AZUREML_SERVICE_ENDPOINT, history service url: https://westeurope.experiments.azureml.net.
2020-06-23 07:43:48,820|azureml._base_sdk_common.service_discovery|DEBUG|Found history service url in environment variable AZUREML_SERVICE_ENDPOINT, history service url: https://westeurope.experiments.azureml.net.
2020-06-23 07:43:48,827|msrest.universal_http.requests|DEBUG|Configuring retry: max_retries=3, backoff_factor=0.8, max_backoff=90
2020-06-23 07:44:04,669|azureml.core.authentication|DEBUG|Time to expire 1814054.330129 seconds
2020-06-23 07:44:34,675|azureml.core.authentication|DEBUG|Time to expire 1814024.32437 seconds
2020-06-23 07:45:04,686|azureml.core.authentication|DEBUG|Time to expire 1813994.313514 seconds
2020-06-23 07:45:34,697|azureml.core.authentication|DEBUG|Time to expire 1813964.302729 seconds
2020-06-23 07:46:04,708|azureml.core.authentication|DEBUG|Time to expire 1813934.291879 seconds
2020-06-23 07:46:34,718|azureml.core.authentication|DEBUG|Time to expire 1813904.281095 seconds
2020-06-23 07:47:04,729|azureml.core.authentication|DEBUG|Time to expire 1813874.27029 seconds
2020-06-23 07:47:34,742|azureml.core.authentication|DEBUG|Time to expire 1813844.257322 seconds
2020-06-23 07:48:04,751|azureml.core.authentication|DEBUG|Time to expire 1813814.249008 seconds
2020-06-23 07:48:34,756|azureml.core.authentication|DEBUG|Time to expire 1813784.243249 seconds
2020-06-23 07:49:04,767|azureml.core.authentication|DEBUG|Time to expire 1813754.232343 seconds
2020-06-23 07:49:34,773|azureml.core.authentication|DEBUG|Time to expire 1813724.226783 seconds
2020-06-23 07:50:04,792|azureml.core.authentication|DEBUG|Time to expire 1813694.207676 seconds
2020-06-23 07:50:30,874|azureml.history._tracking.PythonWorkingDirectory.workingdir|DEBUG|Calling pyfs
2020-06-23 07:50:30,875|azureml.history._tracking.PythonWorkingDirectory|INFO|Current working dir: /mnt/batch/tasks/shared/LS_root/jobs/resdynml1test/azureml/kerasprediction_1592897898_3bac7dce/mounts/workspaceblobstore/azureml/KerasPrediction_1592897898_3bac7dce
2020-06-23 07:50:30,875|azureml.history._tracking.PythonWorkingDirectory.workingdir|DEBUG|Reverting working dir from /mnt/batch/tasks/shared/LS_root/jobs/resdynml1test/azureml/kerasprediction_1592897898_3bac7dce/mounts/workspaceblobstore/azureml/KerasPrediction_1592897898_3bac7dce to /mnt/batch/tasks/shared/LS_root/jobs/resdynml1test/azureml/kerasprediction_1592897898_3bac7dce/mounts/workspaceblobstore/azureml/KerasPrediction_1592897898_3bac7dce
2020-06-23 07:50:30,875|azureml.history._tracking.PythonWorkingDirectory|INFO|Working dir is already updated /mnt/batch/tasks/shared/LS_root/jobs/resdynml1test/azureml/kerasprediction_1592897898_3bac7dce/mounts/workspaceblobstore/azureml/KerasPrediction_1592897898_3bac7dce
2020-06-23 07:50:30,875|azureml.history._tracking.PythonWorkingDirectory.workingdir|DEBUG|[STOP]
2020-06-23 07:50:30,875|azureml.WorkingDirectoryCM|ERROR|<class 'ValueError'>: Shape of passed values is (134561, 1), indices imply (134561, 34503)
<traceback object at 0x7f59793d4148>
2020-06-23 07:50:30,875|azureml.WorkingDirectoryCM|DEBUG|[STOP]
2020-06-23 07:50:30,875|azureml._SubmittedRun#KerasPrediction_1592897898_3bac7dce|INFO|fail is not setting status for submitted runs.
2020-06-23 07:50:30,875|azureml._SubmittedRun#KerasPrediction_1592897898_3bac7dce.RunHistoryFacade.MetricsClient.FlushingMetricsClient|DEBUG|[START]
2020-06-23 07:50:30,875|azureml._SubmittedRun#KerasPrediction_1592897898_3bac7dce.RunHistoryFacade.MetricsClient|DEBUG|Overrides: Max batch size: 50, batch cushion: 5, Interval: 1.
2020-06-23 07:50:30,875|azureml._SubmittedRun#KerasPrediction_1592897898_3bac7dce.RunHistoryFacade.MetricsClient.PostMetricsBatch.PostMetricsBatchDaemon|DEBUG|Starting daemon and triggering first instance
2020-06-23 07:50:30,876|azureml._SubmittedRun#KerasPrediction_1592897898_3bac7dce.RunHistoryFacade.MetricsClient|DEBUG|Used <class 'azureml._common.async_utils.batch_task_queue.BatchTaskQueue'> for use_batch=True.
2020-06-23 07:50:30,876|azureml._SubmittedRun#KerasPrediction_1592897898_3bac7dce.RunHistoryFacade.MetricsClient.PostMetricsBatch.WaitFlushSource:MetricsClient|DEBUG|[START]
2020-06-23 07:50:30,876|azureml._SubmittedRun#KerasPrediction_1592897898_3bac7dce.RunHistoryFacade.MetricsClient.PostMetricsBatch.WaitFlushSource:MetricsClient|DEBUG|flush timeout 300 is different from task queue timeout 120, using flush timeout
2020-06-23 07:50:30,876|azureml._SubmittedRun#KerasPrediction_1592897898_3bac7dce.RunHistoryFacade.MetricsClient.PostMetricsBatch.WaitFlushSource:MetricsClient|DEBUG|Waiting 300 seconds on tasks: [].
2020-06-23 07:50:30,876|azureml._SubmittedRun#KerasPrediction_1592897898_3bac7dce.RunHistoryFacade.MetricsClient.PostMetricsBatch|DEBUG|
2020-06-23 07:50:30,876|azureml._SubmittedRun#KerasPrediction_1592897898_3bac7dce.RunHistoryFacade.MetricsClient.PostMetricsBatch.WaitFlushSource:MetricsClient|DEBUG|[STOP]
2020-06-23 07:50:30,876|azureml._SubmittedRun#KerasPrediction_1592897898_3bac7dce.RunHistoryFacade.MetricsClient|DEBUG|Overrides: Max batch size: 50, batch cushion: 5, Interval: 1.
2020-06-23 07:50:30,876|azureml._SubmittedRun#KerasPrediction_1592897898_3bac7dce.RunHistoryFacade.MetricsClient.PostMetricsBatchV2.PostMetricsBatchV2Daemon|DEBUG|Starting daemon and triggering first instance
2020-06-23 07:50:30,877|azureml._SubmittedRun#KerasPrediction_1592897898_3bac7dce.RunHistoryFacade.MetricsClient|DEBUG|Used <class 'azureml._common.async_utils.batch_task_queue.BatchTaskQueue'> for use_batch=True.
2020-06-23 07:50:30,877|azureml._SubmittedRun#KerasPrediction_1592897898_3bac7dce.RunHistoryFacade.MetricsClient.PostMetricsBatchV2.WaitFlushSource:MetricsClient|DEBUG|[START]
2020-06-23 07:50:30,877|azureml._SubmittedRun#KerasPrediction_1592897898_3bac7dce.RunHistoryFacade.MetricsClient.PostMetricsBatchV2.WaitFlushSource:MetricsClient|DEBUG|flush timeout 300 is different from task queue timeout 120, using flush timeout
2020-06-23 07:50:30,877|azureml._SubmittedRun#KerasPrediction_1592897898_3bac7dce.RunHistoryFacade.MetricsClient.PostMetricsBatchV2.WaitFlushSource:MetricsClient|DEBUG|Waiting 300 seconds on tasks: [].
2020-06-23 07:50:30,877|azureml._SubmittedRun#KerasPrediction_1592897898_3bac7dce.RunHistoryFacade.MetricsClient.PostMetricsBatchV2|DEBUG|
2020-06-23 07:50:30,877|azureml._SubmittedRun#KerasPrediction_1592897898_3bac7dce.RunHistoryFacade.MetricsClient.PostMetricsBatchV2.WaitFlushSource:MetricsClient|DEBUG|[STOP]
2020-06-23 07:50:30,877|azureml._SubmittedRun#KerasPrediction_1592897898_3bac7dce.RunHistoryFacade.MetricsClient.FlushingMetricsClient|DEBUG|[STOP]
2020-06-23 07:50:30,877|azureml._SubmittedRun#KerasPrediction_1592897898_3bac7dce.RunHistoryFacade.RunClient.wait_on_ingest-async:False|DEBUG|[START]
2020-06-23 07:50:30,878|msrest.service_client|DEBUG|Accept header absent and forced to application/json
2020-06-23 07:50:30,878|msrest.http_logger|DEBUG|Request URL: 'https://westeurope.experiments.azureml.net/history/v1.0/subscriptions/793146d9-d4dc-4a73-9728-76c4ffd0cc0d/resourceGroups/rg_dynamics_test/providers/Microsoft.MachineLearningServices/workspaces/resdynml1test/experiments/KerasPrediction/runs/KerasPrediction_1592897898_3bac7dce/metricsingest/wait'
2020-06-23 07:50:30,879|msrest.http_logger|DEBUG|Request method: 'GET'
2020-06-23 07:50:30,879|msrest.http_logger|DEBUG|Request headers:
2020-06-23 07:50:30,879|msrest.http_logger|DEBUG|    'Accept': 'application/json'
2020-06-23 07:50:30,879|msrest.http_logger|DEBUG|    'Content-Type': 'application/json; charset=utf-8'
2020-06-23 07:50:30,879|msrest.http_logger|DEBUG|    'x-ms-client-request-id': '3cd61b9f-c428-4b41-8be5-2c14686158d2'
2020-06-23 07:50:30,880|msrest.http_logger|DEBUG|    'request-id': '3cd61b9f-c428-4b41-8be5-2c14686158d2'
2020-06-23 07:50:30,880|msrest.http_logger|DEBUG|    'User-Agent': 'python/3.6.2 (Linux-4.15.0-1067-azure-x86_64-with-debian-stretch-sid) msrest/0.6.16 azureml._restclient/core.1.7.0 azureml-sdk-core/1.7.0'
2020-06-23 07:50:30,880|msrest.http_logger|DEBUG|Request body:
2020-06-23 07:50:30,880|msrest.http_logger|DEBUG|None
2020-06-23 07:50:30,880|msrest.universal_http|DEBUG|Configuring redirects: allow=True, max=30
2020-06-23 07:50:30,880|msrest.universal_http|DEBUG|Configuring request: timeout=100, verify=True, cert=None
2020-06-23 07:50:30,880|msrest.universal_http|DEBUG|Configuring proxies: ''
2020-06-23 07:50:30,880|msrest.universal_http|DEBUG|Evaluate proxies against ENV settings: True
2020-06-23 07:50:30,975|msrest.http_logger|DEBUG|Response status: 200
2020-06-23 07:50:30,976|msrest.http_logger|DEBUG|Response headers:
2020-06-23 07:50:30,976|msrest.http_logger|DEBUG|    'Date': 'Tue, 23 Jun 2020 07:50:30 GMT'
2020-06-23 07:50:30,976|msrest.http_logger|DEBUG|    'Content-Type': 'application/json; charset=utf-8'
2020-06-23 07:50:30,976|msrest.http_logger|DEBUG|    'Transfer-Encoding': 'chunked'
2020-06-23 07:50:30,976|msrest.http_logger|DEBUG|    'Connection': 'keep-alive'
2020-06-23 07:50:30,976|msrest.http_logger|DEBUG|    'Vary': 'Accept-Encoding'
2020-06-23 07:50:30,976|msrest.http_logger|DEBUG|    'Request-Context': 'appId=cid-v1:6a27ce65-5555-41a3-85f7-b7a1ce31fd6b'
2020-06-23 07:50:30,977|msrest.http_logger|DEBUG|    'x-ms-response-type': 'standard'
2020-06-23 07:50:30,977|msrest.http_logger|DEBUG|    'x-ms-client-request-id': '3cd61b9f-c428-4b41-8be5-2c14686158d2'
2020-06-23 07:50:30,977|msrest.http_logger|DEBUG|    'x-ms-client-session-id': ''
2020-06-23 07:50:30,977|msrest.http_logger|DEBUG|    'Strict-Transport-Security': 'max-age=15724800; includeSubDomains; preload'
2020-06-23 07:50:30,977|msrest.http_logger|DEBUG|    'x-request-time': '0.048'
2020-06-23 07:50:30,977|msrest.http_logger|DEBUG|    'X-Content-Type-Options': 'nosniff'
2020-06-23 07:50:30,977|msrest.http_logger|DEBUG|    'Content-Encoding': 'gzip'
2020-06-23 07:50:30,977|msrest.http_logger|DEBUG|Response content:
2020-06-23 07:50:30,977|msrest.http_logger|DEBUG|{}
2020-06-23 07:50:30,980|azureml._SubmittedRun#KerasPrediction_1592897898_3bac7dce.RunHistoryFacade.RunClient.wait_on_ingest-async:False|DEBUG|[STOP]
2020-06-23 07:50:30,983|azureml._SubmittedRun#KerasPrediction_1592897898_3bac7dce.RunHistoryFacade.RunClient.post-async:False|DEBUG|[START]
2020-06-23 07:50:30,984|msrest.service_client|DEBUG|Accept header absent and forced to application/json
2020-06-23 07:50:30,984|msrest.http_logger|DEBUG|Request URL: 'https://westeurope.experiments.azureml.net/history/v1.0/subscriptions/793146d9-d4dc-4a73-9728-76c4ffd0cc0d/resourceGroups/rg_dynamics_test/providers/Microsoft.MachineLearningServices/workspaces/resdynml1test/experiments/KerasPrediction/runs/KerasPrediction_1592897898_3bac7dce/events'
2020-06-23 07:50:30,984|msrest.http_logger|DEBUG|Request method: 'POST'
2020-06-23 07:50:30,984|msrest.http_logger|DEBUG|Request headers:
2020-06-23 07:50:30,984|msrest.http_logger|DEBUG|    'Accept': 'application/json'
2020-06-23 07:50:30,984|msrest.http_logger|DEBUG|    'Content-Type': 'application/json-patch+json; charset=utf-8'
2020-06-23 07:50:30,985|msrest.http_logger|DEBUG|    'x-ms-caller-name': 'RunHistoryFacade'
2020-06-23 07:50:30,985|msrest.http_logger|DEBUG|    'x-ms-client-request-id': 'b673e95d-9db4-4eb7-b23c-0a436e487982'
2020-06-23 07:50:30,985|msrest.http_logger|DEBUG|    'request-id': 'b673e95d-9db4-4eb7-b23c-0a436e487982'
2020-06-23 07:50:30,985|msrest.http_logger|DEBUG|    'Content-Length': '2337'
2020-06-23 07:50:30,985|msrest.http_logger|DEBUG|    'User-Agent': 'python/3.6.2 (Linux-4.15.0-1067-azure-x86_64-with-debian-stretch-sid) msrest/0.6.16 azureml._restclient/core.1.7.0 azureml-sdk-core/1.7.0'
2020-06-23 07:50:30,985|msrest.http_logger|DEBUG|Request body:
2020-06-23 07:50:30,985|msrest.http_logger|DEBUG|{"timestamp": "2020-06-23T07:50:30.98327Z", "name": "Microsoft.MachineLearning.Run.Error", "data": {"RunId": "KerasPrediction_1592897898_3bac7dce", "ErrorResponse": {"error": {"code": "UserError", "message": "User program failed with ValueError: Shape of passed values is (134561, 1), indices imply (134561, 34503)", "detailsUri": "https://aka.ms/azureml-known-errors", "debugInfo": {"type": "ValueError", "message": "Shape of passed values is (134561, 1), indices imply (134561, 34503)", "stackTrace": "  File \"/mnt/batch/tasks/shared/LS_root/jobs/resdynml1test/azureml/kerasprediction_1592897898_3bac7dce/mounts/workspaceblobstore/azureml/KerasPrediction_1592897898_3bac7dce/azureml-setup/context_manager_injector.py\", line 148, in execute_with_context\n    runpy.run_path(sys.argv[0], globals(), run_name=\"__main__\")\n  File \"/azureml-envs/azureml_42df74e95cf2de1f301b9fba9e8035c0/lib/python3.6/runpy.py\", line 263, in run_path\n    pkg_name=pkg_name, script_name=fname)\n  File \"/azureml-envs/azureml_42df74e95cf2de1f301b9fba9e8035c0/lib/python3.6/runpy.py\", line 96, in _run_module_code\n    mod_name, mod_spec, pkg_name, script_name)\n  File \"/azureml-envs/azureml_42df74e95cf2de1f301b9fba9e8035c0/lib/python3.6/runpy.py\", line 85, in _run_code\n    exec(code, run_globals)\n  File \"preprocess.py\", line 57, in <module>\n    pd.DataFrame(X_train, columns=feature_columns),\n  File \"/azureml-envs/azureml_42df74e95cf2de1f301b9fba9e8035c0/lib/python3.6/site-packages/pandas/core/frame.py\", line 488, in __init__\n    mgr = init_ndarray(data, index, columns, dtype=dtype, copy=copy)\n  File \"/azureml-envs/azureml_42df74e95cf2de1f301b9fba9e8035c0/lib/python3.6/site-packages/pandas/core/internals/construction.py\", line 210, in init_ndarray\n    return create_block_manager_from_blocks(block_values, [columns, index])\n  File \"/azureml-envs/azureml_42df74e95cf2de1f301b9fba9e8035c0/lib/python3.6/site-packages/pandas/core/internals/managers.py\", line 1664, in create_block_manager_from_blocks\n    construction_error(tot_items, blocks[0].shape[1:], axes, e)\n  File \"/azureml-envs/azureml_42df74e95cf2de1f301b9fba9e8035c0/lib/python3.6/site-packages/pandas/core/internals/managers.py\", line 1694, in construction_error\n    raise ValueError(f\"Shape of passed values is {passed}, indices imply {implied}\")\n"}}}}}
2020-06-23 07:50:30,985|msrest.universal_http|DEBUG|Configuring redirects: allow=True, max=30
2020-06-23 07:50:30,985|msrest.universal_http|DEBUG|Configuring request: timeout=100, verify=True, cert=None
2020-06-23 07:50:30,985|msrest.universal_http|DEBUG|Configuring proxies: ''
2020-06-23 07:50:30,985|msrest.universal_http|DEBUG|Evaluate proxies against ENV settings: True
2020-06-23 07:50:31,334|msrest.http_logger|DEBUG|Response status: 200
2020-06-23 07:50:31,335|msrest.http_logger|DEBUG|Response headers:
2020-06-23 07:50:31,335|msrest.http_logger|DEBUG|    'Date': 'Tue, 23 Jun 2020 07:50:31 GMT'
2020-06-23 07:50:31,335|msrest.http_logger|DEBUG|    'Content-Length': '0'
2020-06-23 07:50:31,335|msrest.http_logger|DEBUG|    'Connection': 'keep-alive'
2020-06-23 07:50:31,335|msrest.http_logger|DEBUG|    'Request-Context': 'appId=cid-v1:6a27ce65-5555-41a3-85f7-b7a1ce31fd6b'
2020-06-23 07:50:31,335|msrest.http_logger|DEBUG|    'x-ms-response-type': 'standard'
2020-06-23 07:50:31,336|msrest.http_logger|DEBUG|    'x-ms-client-request-id': 'b673e95d-9db4-4eb7-b23c-0a436e487982'
2020-06-23 07:50:31,336|msrest.http_logger|DEBUG|    'x-ms-client-session-id': ''
2020-06-23 07:50:31,336|msrest.http_logger|DEBUG|    'Strict-Transport-Security': 'max-age=15724800; includeSubDomains; preload'
2020-06-23 07:50:31,336|msrest.http_logger|DEBUG|    'x-request-time': '0.272'
2020-06-23 07:50:31,336|msrest.http_logger|DEBUG|    'X-Content-Type-Options': 'nosniff'
2020-06-23 07:50:31,336|msrest.http_logger|DEBUG|Response content:
2020-06-23 07:50:31,337|msrest.http_logger|DEBUG|
2020-06-23 07:50:31,340|azureml._SubmittedRun#KerasPrediction_1592897898_3bac7dce.RunHistoryFacade.RunClient.post-async:False|DEBUG|[STOP]
2020-06-23 07:50:31,341|azureml.RunStatusContext|ERROR|<class 'ValueError'>: Shape of passed values is (134561, 1), indices imply (134561, 34503)
<traceback object at 0x7f59793d4148>
2020-06-23 07:50:31,341|azureml.RunStatusContext|DEBUG|[STOP]
2020-06-23 07:50:31,341|azureml._SubmittedRun#KerasPrediction_1592897898_3bac7dce.RunHistoryFacade.MetricsClient.FlushingMetricsClient|DEBUG|[START]
2020-06-23 07:50:31,341|azureml._SubmittedRun#KerasPrediction_1592897898_3bac7dce.RunHistoryFacade.MetricsClient.PostMetricsBatch.WaitFlushSource:MetricsClient|DEBUG|[START]
2020-06-23 07:50:31,342|azureml._SubmittedRun#KerasPrediction_1592897898_3bac7dce.RunHistoryFacade.MetricsClient.PostMetricsBatch.WaitFlushSource:MetricsClient|DEBUG|flush timeout 300.0 is different from task queue timeout 120, using flush timeout
2020-06-23 07:50:31,342|azureml._SubmittedRun#KerasPrediction_1592897898_3bac7dce.RunHistoryFacade.MetricsClient.PostMetricsBatch.WaitFlushSource:MetricsClient|DEBUG|Waiting 300.0 seconds on tasks: [].
2020-06-23 07:50:31,342|azureml._SubmittedRun#KerasPrediction_1592897898_3bac7dce.RunHistoryFacade.MetricsClient.PostMetricsBatch|DEBUG|
2020-06-23 07:50:31,342|azureml._SubmittedRun#KerasPrediction_1592897898_3bac7dce.RunHistoryFacade.MetricsClient.PostMetricsBatch.WaitFlushSource:MetricsClient|DEBUG|[STOP]
2020-06-23 07:50:31,342|azureml._SubmittedRun#KerasPrediction_1592897898_3bac7dce.RunHistoryFacade.MetricsClient.PostMetricsBatchV2.WaitFlushSource:MetricsClient|DEBUG|[START]
2020-06-23 07:50:31,342|azureml._SubmittedRun#KerasPrediction_1592897898_3bac7dce.RunHistoryFacade.MetricsClient.PostMetricsBatchV2.WaitFlushSource:MetricsClient|DEBUG|flush timeout 300.0 is different from task queue timeout 120, using flush timeout
2020-06-23 07:50:31,342|azureml._SubmittedRun#KerasPrediction_1592897898_3bac7dce.RunHistoryFacade.MetricsClient.PostMetricsBatchV2.WaitFlushSource:MetricsClient|DEBUG|Waiting 300.0 seconds on tasks: [].
2020-06-23 07:50:31,342|azureml._SubmittedRun#KerasPrediction_1592897898_3bac7dce.RunHistoryFacade.MetricsClient.PostMetricsBatchV2|DEBUG|
2020-06-23 07:50:31,342|azureml._SubmittedRun#KerasPrediction_1592897898_3bac7dce.RunHistoryFacade.MetricsClient.PostMetricsBatchV2.WaitFlushSource:MetricsClient|DEBUG|[STOP]
2020-06-23 07:50:31,342|azureml._SubmittedRun#KerasPrediction_1592897898_3bac7dce.RunHistoryFacade.MetricsClient.FlushingMetricsClient|DEBUG|[STOP]
2020-06-23 07:50:31,343|azureml._SubmittedRun#KerasPrediction_1592897898_3bac7dce.RunHistoryFacade.RunClient.wait_on_ingest-async:False|DEBUG|[START]
2020-06-23 07:50:31,343|msrest.service_client|DEBUG|Accept header absent and forced to application/json
2020-06-23 07:50:31,343|msrest.http_logger|DEBUG|Request URL: 'https://westeurope.experiments.azureml.net/history/v1.0/subscriptions/793146d9-d4dc-4a73-9728-76c4ffd0cc0d/resourceGroups/rg_dynamics_test/providers/Microsoft.MachineLearningServices/workspaces/resdynml1test/experiments/KerasPrediction/runs/KerasPrediction_1592897898_3bac7dce/metricsingest/wait'
2020-06-23 07:50:31,343|msrest.http_logger|DEBUG|Request method: 'GET'
2020-06-23 07:50:31,343|msrest.http_logger|DEBUG|Request headers:
2020-06-23 07:50:31,343|msrest.http_logger|DEBUG|    'Accept': 'application/json'
2020-06-23 07:50:31,343|msrest.http_logger|DEBUG|    'Content-Type': 'application/json; charset=utf-8'
2020-06-23 07:50:31,344|msrest.http_logger|DEBUG|    'x-ms-client-request-id': 'ccdd6ee2-fa72-40f6-927c-151022caf6e6'
2020-06-23 07:50:31,344|msrest.http_logger|DEBUG|    'request-id': 'ccdd6ee2-fa72-40f6-927c-151022caf6e6'
2020-06-23 07:50:31,344|msrest.http_logger|DEBUG|    'User-Agent': 'python/3.6.2 (Linux-4.15.0-1067-azure-x86_64-with-debian-stretch-sid) msrest/0.6.16 azureml._restclient/core.1.7.0 azureml-sdk-core/1.7.0'
2020-06-23 07:50:31,344|msrest.http_logger|DEBUG|Request body:
2020-06-23 07:50:31,344|msrest.http_logger|DEBUG|None
2020-06-23 07:50:31,344|msrest.universal_http|DEBUG|Configuring redirects: allow=True, max=30
2020-06-23 07:50:31,344|msrest.universal_http|DEBUG|Configuring request: timeout=100, verify=True, cert=None
2020-06-23 07:50:31,344|msrest.universal_http|DEBUG|Configuring proxies: ''
2020-06-23 07:50:31,344|msrest.universal_http|DEBUG|Evaluate proxies against ENV settings: True
2020-06-23 07:50:31,424|msrest.http_logger|DEBUG|Response status: 200
2020-06-23 07:50:31,425|msrest.http_logger|DEBUG|Response headers:
2020-06-23 07:50:31,425|msrest.http_logger|DEBUG|    'Date': 'Tue, 23 Jun 2020 07:50:31 GMT'
2020-06-23 07:50:31,425|msrest.http_logger|DEBUG|    'Content-Type': 'application/json; charset=utf-8'
2020-06-23 07:50:31,425|msrest.http_logger|DEBUG|    'Transfer-Encoding': 'chunked'
2020-06-23 07:50:31,425|msrest.http_logger|DEBUG|    'Connection': 'keep-alive'
2020-06-23 07:50:31,425|msrest.http_logger|DEBUG|    'Vary': 'Accept-Encoding'
2020-06-23 07:50:31,426|msrest.http_logger|DEBUG|    'Request-Context': 'appId=cid-v1:6a27ce65-5555-41a3-85f7-b7a1ce31fd6b'
2020-06-23 07:50:31,426|msrest.http_logger|DEBUG|    'x-ms-response-type': 'standard'
2020-06-23 07:50:31,426|msrest.http_logger|DEBUG|    'x-ms-client-request-id': 'ccdd6ee2-fa72-40f6-927c-151022caf6e6'
2020-06-23 07:50:31,426|msrest.http_logger|DEBUG|    'x-ms-client-session-id': ''
2020-06-23 07:50:31,426|msrest.http_logger|DEBUG|    'Strict-Transport-Security': 'max-age=15724800; includeSubDomains; preload'
2020-06-23 07:50:31,426|msrest.http_logger|DEBUG|    'x-request-time': '0.053'
2020-06-23 07:50:31,426|msrest.http_logger|DEBUG|    'X-Content-Type-Options': 'nosniff'
2020-06-23 07:50:31,426|msrest.http_logger|DEBUG|    'Content-Encoding': 'gzip'
2020-06-23 07:50:31,427|msrest.http_logger|DEBUG|Response content:
2020-06-23 07:50:31,427|msrest.http_logger|DEBUG|{}
2020-06-23 07:50:31,431|azureml._SubmittedRun#KerasPrediction_1592897898_3bac7dce.RunHistoryFacade.RunClient.wait_on_ingest-async:False|DEBUG|[STOP]
2020-06-23 07:50:31,431|azureml._SubmittedRun#KerasPrediction_1592897898_3bac7dce.RunHistoryFacade.MetricsClient.FlushingMetricsClient|DEBUG|[START]
2020-06-23 07:50:31,431|azureml._SubmittedRun#KerasPrediction_1592897898_3bac7dce.RunHistoryFacade.MetricsClient|DEBUG|Overrides: Max batch size: 50, batch cushion: 5, Interval: 1.
2020-06-23 07:50:31,431|azureml._SubmittedRun#KerasPrediction_1592897898_3bac7dce.RunHistoryFacade.MetricsClient.PostMetricsBatch.PostMetricsBatchDaemon|DEBUG|Starting daemon and triggering first instance
2020-06-23 07:50:31,432|azureml._SubmittedRun#KerasPrediction_1592897898_3bac7dce.RunHistoryFacade.MetricsClient|DEBUG|Used <class 'azureml._common.async_utils.batch_task_queue.BatchTaskQueue'> for use_batch=True.
2020-06-23 07:50:31,432|azureml._SubmittedRun#KerasPrediction_1592897898_3bac7dce.RunHistoryFacade.MetricsClient.PostMetricsBatch.WaitFlushSource:MetricsClient|DEBUG|[START]
2020-06-23 07:50:31,433|azureml._SubmittedRun#KerasPrediction_1592897898_3bac7dce.RunHistoryFacade.MetricsClient.PostMetricsBatch.WaitFlushSource:MetricsClient|DEBUG|flush timeout 300.0 is different from task queue timeout 120, using flush timeout
2020-06-23 07:50:31,433|azureml._SubmittedRun#KerasPrediction_1592897898_3bac7dce.RunHistoryFacade.MetricsClient.PostMetricsBatch.WaitFlushSource:MetricsClient|DEBUG|Waiting 300.0 seconds on tasks: [].
2020-06-23 07:50:31,433|azureml._SubmittedRun#KerasPrediction_1592897898_3bac7dce.RunHistoryFacade.MetricsClient.PostMetricsBatch|DEBUG|
2020-06-23 07:50:31,433|azureml._SubmittedRun#KerasPrediction_1592897898_3bac7dce.RunHistoryFacade.MetricsClient.PostMetricsBatch.WaitFlushSource:MetricsClient|DEBUG|[STOP]
2020-06-23 07:50:31,433|azureml._SubmittedRun#KerasPrediction_1592897898_3bac7dce.RunHistoryFacade.MetricsClient|DEBUG|Overrides: Max batch size: 50, batch cushion: 5, Interval: 1.
2020-06-23 07:50:31,433|azureml._SubmittedRun#KerasPrediction_1592897898_3bac7dce.RunHistoryFacade.MetricsClient.PostMetricsBatchV2.PostMetricsBatchV2Daemon|DEBUG|Starting daemon and triggering first instance
2020-06-23 07:50:31,434|azureml._SubmittedRun#KerasPrediction_1592897898_3bac7dce.RunHistoryFacade.MetricsClient|DEBUG|Used <class 'azureml._common.async_utils.batch_task_queue.BatchTaskQueue'> for use_batch=True.
2020-06-23 07:50:31,434|azureml._SubmittedRun#KerasPrediction_1592897898_3bac7dce.RunHistoryFacade.MetricsClient.PostMetricsBatchV2.WaitFlushSource:MetricsClient|DEBUG|[START]
2020-06-23 07:50:31,434|azureml._SubmittedRun#KerasPrediction_1592897898_3bac7dce.RunHistoryFacade.MetricsClient.PostMetricsBatchV2.WaitFlushSource:MetricsClient|DEBUG|flush timeout 300.0 is different from task queue timeout 120, using flush timeout
2020-06-23 07:50:31,434|azureml._SubmittedRun#KerasPrediction_1592897898_3bac7dce.RunHistoryFacade.MetricsClient.PostMetricsBatchV2.WaitFlushSource:MetricsClient|DEBUG|Waiting 300.0 seconds on tasks: [].
2020-06-23 07:50:31,434|azureml._SubmittedRun#KerasPrediction_1592897898_3bac7dce.RunHistoryFacade.MetricsClient.PostMetricsBatchV2|DEBUG|
2020-06-23 07:50:31,434|azureml._SubmittedRun#KerasPrediction_1592897898_3bac7dce.RunHistoryFacade.MetricsClient.PostMetricsBatchV2.WaitFlushSource:MetricsClient|DEBUG|[STOP]
2020-06-23 07:50:31,434|azureml._SubmittedRun#KerasPrediction_1592897898_3bac7dce.RunHistoryFacade.MetricsClient.FlushingMetricsClient|DEBUG|[STOP]
2020-06-23 07:50:31,434|azureml._SubmittedRun#KerasPrediction_1592897898_3bac7dce.RunHistoryFacade.RunClient.wait_on_ingest-async:False|DEBUG|[START]
2020-06-23 07:50:31,435|msrest.service_client|DEBUG|Accept header absent and forced to application/json
2020-06-23 07:50:31,435|msrest.http_logger|DEBUG|Request URL: 'https://westeurope.experiments.azureml.net/history/v1.0/subscriptions/793146d9-d4dc-4a73-9728-76c4ffd0cc0d/resourceGroups/rg_dynamics_test/providers/Microsoft.MachineLearningServices/workspaces/resdynml1test/experiments/KerasPrediction/runs/KerasPrediction_1592897898_3bac7dce/metricsingest/wait'
2020-06-23 07:50:31,435|msrest.http_logger|DEBUG|Request method: 'GET'
2020-06-23 07:50:31,435|msrest.http_logger|DEBUG|Request headers:
2020-06-23 07:50:31,435|msrest.http_logger|DEBUG|    'Accept': 'application/json'
2020-06-23 07:50:31,435|msrest.http_logger|DEBUG|    'Content-Type': 'application/json; charset=utf-8'
2020-06-23 07:50:31,435|msrest.http_logger|DEBUG|    'x-ms-client-request-id': 'bbf299e6-a5bb-460d-a58f-36c9b12f2b5b'
2020-06-23 07:50:31,435|msrest.http_logger|DEBUG|    'request-id': 'bbf299e6-a5bb-460d-a58f-36c9b12f2b5b'
2020-06-23 07:50:31,435|msrest.http_logger|DEBUG|    'User-Agent': 'python/3.6.2 (Linux-4.15.0-1067-azure-x86_64-with-debian-stretch-sid) msrest/0.6.16 azureml._restclient/core.1.7.0 azureml-sdk-core/1.7.0'
2020-06-23 07:50:31,435|msrest.http_logger|DEBUG|Request body:
2020-06-23 07:50:31,436|msrest.http_logger|DEBUG|None
2020-06-23 07:50:31,436|msrest.universal_http|DEBUG|Configuring redirects: allow=True, max=30
2020-06-23 07:50:31,436|msrest.universal_http|DEBUG|Configuring request: timeout=100, verify=True, cert=None
2020-06-23 07:50:31,436|msrest.universal_http|DEBUG|Configuring proxies: ''
2020-06-23 07:50:31,436|msrest.universal_http|DEBUG|Evaluate proxies against ENV settings: True
2020-06-23 07:50:31,849|msrest.http_logger|DEBUG|Response status: 200
2020-06-23 07:50:31,850|msrest.http_logger|DEBUG|Response headers:
2020-06-23 07:50:31,850|msrest.http_logger|DEBUG|    'Date': 'Tue, 23 Jun 2020 07:50:31 GMT'
2020-06-23 07:50:31,850|msrest.http_logger|DEBUG|    'Content-Type': 'application/json; charset=utf-8'
2020-06-23 07:50:31,850|msrest.http_logger|DEBUG|    'Transfer-Encoding': 'chunked'
2020-06-23 07:50:31,850|msrest.http_logger|DEBUG|    'Connection': 'keep-alive'
2020-06-23 07:50:31,850|msrest.http_logger|DEBUG|    'Vary': 'Accept-Encoding'
2020-06-23 07:50:31,851|msrest.http_logger|DEBUG|    'Request-Context': 'appId=cid-v1:6a27ce65-5555-41a3-85f7-b7a1ce31fd6b'
2020-06-23 07:50:31,851|msrest.http_logger|DEBUG|    'x-ms-response-type': 'standard'
2020-06-23 07:50:31,851|msrest.http_logger|DEBUG|    'x-ms-client-request-id': 'bbf299e6-a5bb-460d-a58f-36c9b12f2b5b'
2020-06-23 07:50:31,851|msrest.http_logger|DEBUG|    'x-ms-client-session-id': ''
2020-06-23 07:50:31,851|msrest.http_logger|DEBUG|    'Strict-Transport-Security': 'max-age=15724800; includeSubDomains; preload'
2020-06-23 07:50:31,851|msrest.http_logger|DEBUG|    'x-request-time': '0.050'
2020-06-23 07:50:31,851|msrest.http_logger|DEBUG|    'X-Content-Type-Options': 'nosniff'
2020-06-23 07:50:31,852|msrest.http_logger|DEBUG|    'Content-Encoding': 'gzip'
2020-06-23 07:50:31,852|msrest.http_logger|DEBUG|Response content:
2020-06-23 07:50:31,852|msrest.http_logger|DEBUG|{}
2020-06-23 07:50:31,856|azureml._SubmittedRun#KerasPrediction_1592897898_3bac7dce.RunHistoryFacade.RunClient.wait_on_ingest-async:False|DEBUG|[STOP]
2020-06-23 07:50:31,856|azureml.SendRunKillSignal|ERROR|<class 'ValueError'>: Shape of passed values is (134561, 1), indices imply (134561, 34503)
<traceback object at 0x7f59793d4148>
2020-06-23 07:50:31,856|azureml.SendRunKillSignal|DEBUG|[STOP]
2020-06-23 07:50:31,857|azureml.HistoryTrackingWorkerPool.WorkerPoolShutdown|DEBUG|[START]
2020-06-23 07:50:31,857|azureml.HistoryTrackingWorkerPool.WorkerPoolShutdown|DEBUG|[STOP]
2020-06-23 07:50:31,857|azureml.WorkerPool|ERROR|<class 'ValueError'>: Shape of passed values is (134561, 1), indices imply (134561, 34503)
<traceback object at 0x7f59793d4148>
2020-06-23 07:50:31,857|azureml.WorkerPool|DEBUG|[STOP]
